19:15:50:180 [16108] | INFO  | Initializing crosire's ReShade version '6.2.0.1878' (64-bit) loaded from "C:\Users\leonp\Documents\Gravity-Space-Invaders\Gravity-Space-Invaders\Pleasework\Pleasework\bin\Debug\net6.0\OPENGL32.DLL" into "C:\Users\leonp\Documents\Gravity-Space-Invaders\Gravity-Space-Invaders\Pleasework\Pleasework\bin\Debug\net6.0\Pleasework.exe" (0xeb273f5e) ...
19:15:50:180 [16108] | INFO  | Registering hooks for "user32.dll" ...
19:15:50:181 [16108] | INFO  | > Libraries loaded.
19:15:50:181 [16108] | INFO  | > Found 14 match(es). Installing ...
19:15:50:222 [16108] | INFO  | Registering hooks for "C:\WINDOWS\system32\dinput.dll" ...
19:15:50:222 [16108] | INFO  | > Delayed.
19:15:50:222 [16108] | INFO  | Registering hooks for "C:\WINDOWS\system32\opengl32.dll" ...
19:15:50:222 [16108] | INFO  | > Delayed until first call to an exported function.
19:15:50:223 [16108] | INFO  | Registering hooks for "vrclient_x64.dll" ...
19:15:50:223 [16108] | INFO  | > Delayed.
19:15:50:223 [16108] | INFO  | Initialized.
19:15:50:227 [16108] | INFO  | Redirecting wglChoosePixelFormat(hdc = FFFFFFFFAB010C1E, ppfd = 000000566EB7E030) ...
19:15:50:227 [16108] | INFO  | > Dumping pixel format descriptor:
19:15:50:227 [16108] | INFO  |   +-----------------------------------------+-----------------------------------------+
19:15:50:227 [16108] | INFO  |   | Name                                    | Value                                   |
19:15:50:227 [16108] | INFO  |   +-----------------------------------------+-----------------------------------------+
19:15:50:227 [16108] | INFO  |   | Flags                                   | 0x25                                    |
19:15:50:227 [16108] | INFO  |   | ColorBits                               | 24                                      |
19:15:50:227 [16108] | INFO  |   | DepthBits                               | 24                                      |
19:15:50:227 [16108] | INFO  |   | StencilBits                             | 0                                       |
19:15:50:227 [16108] | INFO  |   +-----------------------------------------+-----------------------------------------+
19:15:50:229 [16108] | INFO  | Installing export hooks for "C:\WINDOWS\system32\opengl32.dll" ...
19:15:50:229 [16108] | INFO  | > Found 360 match(es). Installing ...
19:15:50:315 [16108] | INFO  | Returning pixel format: 10
19:15:50:316 [16108] | INFO  | Redirecting wglSetPixelFormat(hdc = FFFFFFFFAB010C1E, iPixelFormat = 10, ppfd = 000000566EB7E030) ...
19:15:50:316 [16108] | INFO  | Searching for add-ons (*.addon, *.addon64) in "C:\Users\leonp\Documents\Gravity-Space-Invaders\Gravity-Space-Invaders\Pleasework\Pleasework\bin\Debug\net6.0" ...
19:15:50:316 [16108] | INFO  | Redirecting wglCreateContext(hdc = FFFFFFFFAB010C1E) ...
19:15:50:316 [16108] | INFO  | > Passing on to wglCreateLayerContext:
19:15:50:317 [16108] | INFO  | Redirecting wglCreateLayerContext(hdc = FFFFFFFFAB010C1E, iLayerPlane = 0) ...
19:15:50:449 [16108] | INFO  | Searching for add-ons (*.addon, *.addon64) in "C:\Users\leonp\Documents\Gravity-Space-Invaders\Gravity-Space-Invaders\Pleasework\Pleasework\bin\Debug\net6.0" ...
19:15:50:450 [16108] | WARN  | Window class style of window 0000000000080952 is missing 'CS_OWNDC' flag.
19:15:50:450 [16108] | INFO  | Redirecting wglDeleteContext(hglrc = 0000000000010000) ...
19:15:50:462 [16108] | INFO  | Redirecting wglChoosePixelFormat(hdc = 000000001B010C11, ppfd = 000000566EB7DE50) ...
19:15:50:462 [16108] | INFO  | > Dumping pixel format descriptor:
19:15:50:462 [16108] | INFO  |   +-----------------------------------------+-----------------------------------------+
19:15:50:462 [16108] | INFO  |   | Name                                    | Value                                   |
19:15:50:463 [16108] | INFO  |   +-----------------------------------------+-----------------------------------------+
19:15:50:463 [16108] | INFO  |   | Flags                                   | 0x25                                    |
19:15:50:463 [16108] | INFO  |   | ColorBits                               | 24                                      |
19:15:50:463 [16108] | INFO  |   | DepthBits                               | 24                                      |
19:15:50:463 [16108] | INFO  |   | StencilBits                             | 0                                       |
19:15:50:463 [16108] | INFO  |   +-----------------------------------------+-----------------------------------------+
19:15:50:469 [16108] | INFO  | Returning pixel format: 10
19:15:50:469 [16108] | INFO  | Redirecting wglSetPixelFormat(hdc = 000000001B010C11, iPixelFormat = 10, ppfd = 000000566EB7DE50) ...
19:15:50:470 [16108] | INFO  | Searching for add-ons (*.addon, *.addon64) in "C:\Users\leonp\Documents\Gravity-Space-Invaders\Gravity-Space-Invaders\Pleasework\Pleasework\bin\Debug\net6.0" ...
19:15:50:470 [16108] | INFO  | Redirecting wglCreateContext(hdc = 000000001B010C11) ...
19:15:50:470 [16108] | INFO  | > Passing on to wglCreateLayerContext:
19:15:50:470 [16108] | INFO  | Redirecting wglCreateLayerContext(hdc = 000000001B010C11, iLayerPlane = 0) ...
19:15:50:474 [16108] | INFO  | Searching for add-ons (*.addon, *.addon64) in "C:\Users\leonp\Documents\Gravity-Space-Invaders\Gravity-Space-Invaders\Pleasework\Pleasework\bin\Debug\net6.0" ...
19:15:50:475 [16108] | WARN  | Window class style of window 00000000002E08CA is missing 'CS_OWNDC' flag.
19:15:50:475 [16108] | INFO  | Redirecting wglChoosePixelFormatARB(hdc = 000000001B010C11, piAttribIList = 000000566EB7DF00, pfAttribFList = 000000566EB7E010, nMaxFormats = 1, piFormats = 000000566EB7DEB0, nNumFormats = 000000566EB7DEC8) ...
19:15:50:475 [16108] | INFO  | > Dumping attributes:
19:15:50:476 [16108] | INFO  |   +-----------------------------------------+-----------------------------------------+
19:15:50:476 [16108] | INFO  |   | Attribute                               | Value                                   |
19:15:50:476 [16108] | INFO  |   +-----------------------------------------+-----------------------------------------+
19:15:50:476 [16108] | INFO  |   | WGL_DRAW_TO_WINDOW_ARB                  | TRUE                                    |
19:15:50:476 [16108] | INFO  |   | WGL_RED_BITS_ARB                        | 8                                       |
19:15:50:476 [16108] | INFO  |   | WGL_GREEN_BITS_ARB                      | 8                                       |
19:15:50:476 [16108] | INFO  |   | WGL_BLUE_BITS_ARB                       | 8                                       |
19:15:50:477 [16108] | INFO  |   | WGL_ALPHA_BITS_ARB                      | 8                                       |
19:15:50:477 [16108] | INFO  |   | WGL_DOUBLE_BUFFER_ARB                   | TRUE                                    |
19:15:50:477 [16108] | INFO  |   | WGL_DEPTH_BITS_ARB                      | 24                                      |
19:15:50:477 [16108] | INFO  |   | WGL_ACCELERATION_ARB                    | 0x2027                                  |
19:15:50:477 [16108] | INFO  |   +-----------------------------------------+-----------------------------------------+
19:15:50:495 [16108] | INFO  | Returning pixel format(s): 10
19:15:50:495 [16108] | INFO  | Redirecting wglDeleteContext(hglrc = 0000000000020000) ...
19:15:50:501 [16108] | INFO  | Redirecting wglSetPixelFormat(hdc = 000000004C010C07, iPixelFormat = 10, ppfd = 000000566EB7DED0) ...
19:15:50:502 [16108] | INFO  | Searching for add-ons (*.addon, *.addon64) in "C:\Users\leonp\Documents\Gravity-Space-Invaders\Gravity-Space-Invaders\Pleasework\Pleasework\bin\Debug\net6.0" ...
19:15:50:511 [16108] | INFO  | Redirecting wglCreateContext(hdc = 000000004C010C07) ...
19:15:50:511 [16108] | INFO  | > Passing on to wglCreateLayerContext:
19:15:50:511 [16108] | INFO  | Redirecting wglCreateLayerContext(hdc = 000000004C010C07, iLayerPlane = 0) ...
19:15:50:515 [16108] | INFO  | Searching for add-ons (*.addon, *.addon64) in "C:\Users\leonp\Documents\Gravity-Space-Invaders\Gravity-Space-Invaders\Pleasework\Pleasework\bin\Debug\net6.0" ...
19:15:50:516 [16108] | WARN  | Window class style of window 0000000000090952 is missing 'CS_OWNDC' flag.
19:15:50:973 [16108] | INFO  | Resizing device context 000000004C010C07 to 960x720 ...
19:15:50:973 [16108] | INFO  | Running on NVIDIA GeForce RTX 2060 SUPER/PCIe/SSE2.
19:15:51:085 [16108] | INFO  | Recreated runtime environment on runtime 00000250423C4B30 ("C:\Users\leonp\Documents\Gravity-Space-Invaders\Gravity-Space-Invaders\Pleasework\Pleasework\bin\Debug\net6.0\ReShade.ini").
19:15:51:094 [07504] | INFO  | Successfully compiled "C:\Users\leonp\Documents\Gravity-Space-Invaders\Gravity-Space-Invaders\Pleasework\Pleasework\bin\Debug\net6.0\reshade-shaders\Shaders\Daltonize.fx" in 0.004 s.
19:15:51:094 [10368] | INFO  | Successfully compiled "C:\Users\leonp\Documents\Gravity-Space-Invaders\Gravity-Space-Invaders\Pleasework\Pleasework\bin\Debug\net6.0\reshade-shaders\Shaders\RSRetroArch\Defocus.fx" in 0.004 s.
19:15:51:094 [20072] | INFO  | Successfully compiled "C:\Users\leonp\Documents\Gravity-Space-Invaders\Gravity-Space-Invaders\Pleasework\Pleasework\bin\Debug\net6.0\reshade-shaders\Shaders\LiftGammaGain.fx" in 0.005 s.
19:15:51:095 [16628] | INFO  | Successfully compiled "C:\Users\leonp\Documents\Gravity-Space-Invaders\Gravity-Space-Invaders\Pleasework\Pleasework\bin\Debug\net6.0\reshade-shaders\Shaders\RSRetroArch\scanlines-fract.fx" in 0.004 s.
19:15:51:095 [21900] | INFO  | Successfully compiled "C:\Users\leonp\Documents\Gravity-Space-Invaders\Gravity-Space-Invaders\Pleasework\Pleasework\bin\Debug\net6.0\reshade-shaders\Shaders\RSRetroArch\CRT-Yeetron.fx" in 0.005 s.
19:15:51:095 [35740] | INFO  | Successfully compiled "C:\Users\leonp\Documents\Gravity-Space-Invaders\Gravity-Space-Invaders\Pleasework\Pleasework\bin\Debug\net6.0\reshade-shaders\Shaders\ASCII.fx" in 0.006 s.
19:15:51:095 [10824] | INFO  | Successfully compiled "C:\Users\leonp\Documents\Gravity-Space-Invaders\Gravity-Space-Invaders\Pleasework\Pleasework\bin\Debug\net6.0\reshade-shaders\Shaders\RSRetroArch\MCGreen.fx" in 0.004 s.
19:15:51:096 [31512] | INFO  | Successfully compiled "C:\Users\leonp\Documents\Gravity-Space-Invaders\Gravity-Space-Invaders\Pleasework\Pleasework\bin\Debug\net6.0\reshade-shaders\Shaders\RSRetroArch\ChromaticitySimplified.fx" in 0.006 s.
19:15:51:096 [03948] | INFO  | Successfully compiled "C:\Users\leonp\Documents\Gravity-Space-Invaders\Gravity-Space-Invaders\Pleasework\Pleasework\bin\Debug\net6.0\reshade-shaders\Shaders\RSRetroArch\CRTKurg.fx" in 0.006 s.
19:15:51:098 [07504] | INFO  | Successfully compiled "C:\Users\leonp\Documents\Gravity-Space-Invaders\Gravity-Space-Invaders\Pleasework\Pleasework\bin\Debug\net6.0\reshade-shaders\Shaders\Deband.fx" in 0.003 s.
19:15:51:098 [10368] | INFO  | Successfully compiled "C:\Users\leonp\Documents\Gravity-Space-Invaders\Gravity-Space-Invaders\Pleasework\Pleasework\bin\Debug\net6.0\reshade-shaders\Shaders\RSRetroArch\DOSGame.fx" in 0.003 s.
19:15:51:098 [11696] | INFO  | Successfully compiled "C:\Users\leonp\Documents\Gravity-Space-Invaders\Gravity-Space-Invaders\Pleasework\Pleasework\bin\Debug\net6.0\reshade-shaders\Shaders\RSRetroArch\NTSC_RetroArch.fx" in 0.007 s.
19:15:51:098 [35740] | INFO  | Successfully compiled "C:\Users\leonp\Documents\Gravity-Space-Invaders\Gravity-Space-Invaders\Pleasework\Pleasework\bin\Debug\net6.0\reshade-shaders\Shaders\Border.fx" in 0.002 s.
19:15:51:100 [31512] | INFO  | Successfully compiled "C:\Users\leonp\Documents\Gravity-Space-Invaders\Gravity-Space-Invaders\Pleasework\Pleasework\bin\Debug\net6.0\reshade-shaders\Shaders\RSRetroArch\cmyk_halftone_dot.fx" in 0.003 s.
19:15:51:100 [10824] | INFO  | Successfully compiled "C:\Users\leonp\Documents\Gravity-Space-Invaders\Gravity-Space-Invaders\Pleasework\Pleasework\bin\Debug\net6.0\reshade-shaders\Shaders\RSRetroArch\MCOrange.fx" in 0.004 s.
19:15:51:101 [10368] | INFO  | Successfully compiled "C:\Users\leonp\Documents\Gravity-Space-Invaders\Gravity-Space-Invaders\Pleasework\Pleasework\bin\Debug\net6.0\reshade-shaders\Shaders\RSRetroArch\EGAfilter.fx" in 0.002 s.
19:15:51:101 [35740] | INFO  | Successfully compiled "C:\Users\leonp\Documents\Gravity-Space-Invaders\Gravity-Space-Invaders\Pleasework\Pleasework\bin\Debug\net6.0\reshade-shaders\Shaders\Cartoon.fx" in 0.003 s.
19:15:51:101 [03948] | INFO  | Successfully compiled "C:\Users\leonp\Documents\Gravity-Space-Invaders\Gravity-Space-Invaders\Pleasework\Pleasework\bin\Debug\net6.0\reshade-shaders\Shaders\RSRetroArch\CRTLottes.fx" in 0.005 s.
19:15:51:102 [11696] | INFO  | Successfully compiled "C:\Users\leonp\Documents\Gravity-Space-Invaders\Gravity-Space-Invaders\Pleasework\Pleasework\bin\Debug\net6.0\reshade-shaders\Shaders\RSRetroArch\NTSC_RetroArch_NoScanlines.fx" in 0.004 s.
19:15:51:103 [07504] | INFO  | Successfully compiled "C:\Users\leonp\Documents\Gravity-Space-Invaders\Gravity-Space-Invaders\Pleasework\Pleasework\bin\Debug\net6.0\reshade-shaders\Shaders\DisplayDepth.fx" in 0.004 s.
19:15:51:103 [20072] | INFO  | Successfully compiled "C:\Users\leonp\Documents\Gravity-Space-Invaders\Gravity-Space-Invaders\Pleasework\Pleasework\bin\Debug\net6.0\reshade-shaders\Shaders\LumaSharpen.fx" in 0.009 s.
19:15:51:104 [19312] | INFO  | Successfully compiled "C:\Users\leonp\Documents\Gravity-Space-Invaders\Gravity-Space-Invaders\Pleasework\Pleasework\bin\Debug\net6.0\reshade-shaders\Shaders\SMAA.fx" in 0.013 s.
19:15:51:105 [35740] | INFO  | Successfully compiled "C:\Users\leonp\Documents\Gravity-Space-Invaders\Gravity-Space-Invaders\Pleasework\Pleasework\bin\Debug\net6.0\reshade-shaders\Shaders\CAS.fx" in 0.003 s.
19:15:51:106 [20072] | INFO  | Successfully compiled "C:\Users\leonp\Documents\Gravity-Space-Invaders\Gravity-Space-Invaders\Pleasework\Pleasework\bin\Debug\net6.0\reshade-shaders\Shaders\LUT.fx" in 0.002 s.
19:15:51:106 [10368] | INFO  | Successfully compiled "C:\Users\leonp\Documents\Gravity-Space-Invaders\Gravity-Space-Invaders\Pleasework\Pleasework\bin\Debug\net6.0\reshade-shaders\Shaders\RSRetroArch\GTU.fx" in 0.006 s.
19:15:51:107 [03948] | INFO  | Successfully compiled "C:\Users\leonp\Documents\Gravity-Space-Invaders\Gravity-Space-Invaders\Pleasework\Pleasework\bin\Debug\net6.0\reshade-shaders\Shaders\RSRetroArch\CRTLottes2.fx" in 0.005 s.
19:15:51:107 [11696] | INFO  | Successfully compiled "C:\Users\leonp\Documents\Gravity-Space-Invaders\Gravity-Space-Invaders\Pleasework\Pleasework\bin\Debug\net6.0\reshade-shaders\Shaders\RSRetroArch\PAL.fx" in 0.004 s.
19:15:51:107 [19312] | INFO  | Successfully compiled "C:\Users\leonp\Documents\Gravity-Space-Invaders\Gravity-Space-Invaders\Pleasework\Pleasework\bin\Debug\net6.0\reshade-shaders\Shaders\Splitscreen.fx" in 0.002 s.
19:15:51:107 [35740] | INFO  | Successfully compiled "C:\Users\leonp\Documents\Gravity-Space-Invaders\Gravity-Space-Invaders\Pleasework\Pleasework\bin\Debug\net6.0\reshade-shaders\Shaders\ChromaticAberration.fx" in 0.002 s.
19:15:51:109 [10824] | WARN  | Successfully compiled "C:\Users\leonp\Documents\Gravity-Space-Invaders\Gravity-Space-Invaders\Pleasework\Pleasework\bin\Debug\net6.0\reshade-shaders\Shaders\RSRetroArch\mdapt.fx" in 0.009 s with warnings:
C:\Users\leonp\Documents\Gravity-Space-Invaders\Gravity-Space-Invaders\Pleasework\Pleasework\bin\Debug\net6.0\reshade-shaders\Shaders\RSRetroArch\mdapt.fx(450, 1): error X3020: 'V__texMDAPTPassA': cannot sample from texture that is also used as render target in the same pass

19:15:51:110 [03948] | INFO  | Successfully compiled "C:\Users\leonp\Documents\Gravity-Space-Invaders\Gravity-Space-Invaders\Pleasework\Pleasework\bin\Debug\net6.0\reshade-shaders\Shaders\RSRetroArch\CRTPi.fx" in 0.003 s.
19:15:51:111 [35740] | INFO  | Successfully compiled "C:\Users\leonp\Documents\Gravity-Space-Invaders\Gravity-Space-Invaders\Pleasework\Pleasework\bin\Debug\net6.0\reshade-shaders\Shaders\ColorMatrix.fx" in 0.003 s.
19:15:51:111 [20072] | INFO  | Successfully compiled "C:\Users\leonp\Documents\Gravity-Space-Invaders\Gravity-Space-Invaders\Pleasework\Pleasework\bin\Debug\net6.0\reshade-shaders\Shaders\Monochrome.fx" in 0.003 s.
19:15:51:112 [31512] | INFO  | Successfully compiled "C:\Users\leonp\Documents\Gravity-Space-Invaders\Gravity-Space-Invaders\Pleasework\Pleasework\bin\Debug\net6.0\reshade-shaders\Shaders\RSRetroArch\ColorMAME.fx" in 0.012 s.
19:15:51:112 [16628] | INFO  | Successfully compiled "C:\Users\leonp\Documents\Gravity-Space-Invaders\Gravity-Space-Invaders\Pleasework\Pleasework\bin\Debug\net6.0\reshade-shaders\Shaders\RSRetroArch\TVCRTPixels.fx" in 0.003 s.
19:15:51:112 [07504] | INFO  | Successfully compiled "C:\Users\leonp\Documents\Gravity-Space-Invaders\Gravity-Space-Invaders\Pleasework\Pleasework\bin\Debug\net6.0\reshade-shaders\Shaders\DPX.fx" in 0.004 s.
19:15:51:115 [19312] | INFO  | Successfully compiled "C:\Users\leonp\Documents\Gravity-Space-Invaders\Gravity-Space-Invaders\Pleasework\Pleasework\bin\Debug\net6.0\reshade-shaders\Shaders\Technicolor.fx" in 0.006 s.
19:15:51:115 [10368] | INFO  | Successfully compiled "C:\Users\leonp\Documents\Gravity-Space-Invaders\Gravity-Space-Invaders\Pleasework\Pleasework\bin\Debug\net6.0\reshade-shaders\Shaders\RSRetroArch\ImageAdjustment.fx" in 0.007 s.
19:15:51:115 [03948] | INFO  | Successfully compiled "C:\Users\leonp\Documents\Gravity-Space-Invaders\Gravity-Space-Invaders\Pleasework\Pleasework\bin\Debug\net6.0\reshade-shaders\Shaders\RSRetroArch\CRTPotatoCool.fx" in 0.004 s.
19:15:51:119 [10824] | INFO  | Successfully compiled "C:\Users\leonp\Documents\Gravity-Space-Invaders\Gravity-Space-Invaders\Pleasework\Pleasework\bin\Debug\net6.0\reshade-shaders\Shaders\RSRetroArch\MetaCRT.fx" in 0.009 s.
19:15:51:119 [31512] | WARN  | Successfully compiled "C:\Users\leonp\Documents\Gravity-Space-Invaders\Gravity-Space-Invaders\Pleasework\Pleasework\bin\Debug\net6.0\reshade-shaders\Shaders\RSRetroArch\CoolRetroTerminal.fx" in 0.004 s with warnings:
C:\Users\leonp\Documents\Gravity-Space-Invaders\Gravity-Space-Invaders\Pleasework\Pleasework\bin\Debug\net6.0\reshade-shaders\Shaders\RSRetroArch\CoolRetroTerminal.fx(167, 20): warning X3206: implicit truncation of vector type
C:\Users\leonp\Documents\Gravity-Space-Invaders\Gravity-Space-Invaders\Pleasework\Pleasework\bin\Debug\net6.0\reshade-shaders\Shaders\RSRetroArch\CoolRetroTerminal.fx(168, 21): warning X3206: implicit truncation of vector type
C:\Users\leonp\Documents\Gravity-Space-Invaders\Gravity-Space-Invaders\Pleasework\Pleasework\bin\Debug\net6.0\reshade-shaders\Shaders\RSRetroArch\CoolRetroTerminal.fx(174, 25): warning X3206: implicit truncation of vector type
C:\Users\leonp\Documents\Gravity-Space-Invaders\Gravity-Space-Invaders\Pleasework\Pleasework\bin\Debug\net6.0\reshade-shaders\Shaders\RSRetroArch\CoolRetroTerminal.fx(194, 24): warning X3206: implicit truncation of vector type

19:15:51:119 [03948] | INFO  | Successfully compiled "C:\Users\leonp\Documents\Gravity-Space-Invaders\Gravity-Space-Invaders\Pleasework\Pleasework\bin\Debug\net6.0\reshade-shaders\Shaders\RSRetroArch\CRTPotatoWarm.fx" in 0.002 s.
19:15:51:121 [10368] | WARN  | Successfully compiled "C:\Users\leonp\Documents\Gravity-Space-Invaders\Gravity-Space-Invaders\Pleasework\Pleasework\bin\Debug\net6.0\reshade-shaders\Shaders\RSRetroArch\JPEG.fx" in 0.004 s with warnings:
C:\Users\leonp\Documents\Gravity-Space-Invaders\Gravity-Space-Invaders\Pleasework\Pleasework\bin\Debug\net6.0\reshade-shaders\Shaders\RSRetroArch\JPEG.fx(79, 29): warning X3206: implicit truncation of vector type

19:15:51:121 [11696] | WARN  | Successfully compiled "C:\Users\leonp\Documents\Gravity-Space-Invaders\Gravity-Space-Invaders\Pleasework\Pleasework\bin\Debug\net6.0\reshade-shaders\Shaders\RSRetroArch\Phosphor.fx" in 0.013 s with warnings:
C:\Users\leonp\Documents\Gravity-Space-Invaders\Gravity-Space-Invaders\Pleasework\Pleasework\bin\Debug\net6.0\reshade-shaders\Shaders\RSRetroArch\Phosphor.fx(42, 41): warning X3206: implicit truncation of vector type

19:15:51:122 [20072] | INFO  | Successfully compiled "C:\Users\leonp\Documents\Gravity-Space-Invaders\Gravity-Space-Invaders\Pleasework\Pleasework\bin\Debug\net6.0\reshade-shaders\Shaders\Nostalgia.fx" in 0.01 s.
19:15:51:122 [21900] | INFO  | Successfully compiled "C:\Users\leonp\Documents\Gravity-Space-Invaders\Gravity-Space-Invaders\Pleasework\Pleasework\bin\Debug\net6.0\reshade-shaders\Shaders\RSRetroArch\CRTAperture.fx" in 0.027 s.
19:15:51:122 [03948] | INFO  | Successfully compiled "C:\Users\leonp\Documents\Gravity-Space-Invaders\Gravity-Space-Invaders\Pleasework\Pleasework\bin\Debug\net6.0\reshade-shaders\Shaders\RSRetroArch\CRTRefresh.fx" in 0.002 s.
19:15:51:123 [31512] | INFO  | Successfully compiled "C:\Users\leonp\Documents\Gravity-Space-Invaders\Gravity-Space-Invaders\Pleasework\Pleasework\bin\Debug\net6.0\reshade-shaders\Shaders\RSRetroArch\CRT-Frutbunn.fx" in 0.003 s.
19:15:51:123 [16628] | INFO  | Successfully compiled "C:\Users\leonp\Documents\Gravity-Space-Invaders\Gravity-Space-Invaders\Pleasework\Pleasework\bin\Debug\net6.0\reshade-shaders\Shaders\RSRetroArch\VHS.fx" in 0.009 s.
19:15:51:124 [10824] | INFO  | Successfully compiled "C:\Users\leonp\Documents\Gravity-Space-Invaders\Gravity-Space-Invaders\Pleasework\Pleasework\bin\Debug\net6.0\reshade-shaders\Shaders\RSRetroArch\MMJCelShader.fx" in 0.004 s.
19:15:51:124 [11696] | INFO  | Successfully compiled "C:\Users\leonp\Documents\Gravity-Space-Invaders\Gravity-Space-Invaders\Pleasework\Pleasework\bin\Debug\net6.0\reshade-shaders\Shaders\RSRetroArch\PowerVR2.fx" in 0.003 s.
19:15:51:125 [10368] | WARN  | Successfully compiled "C:\Users\leonp\Documents\Gravity-Space-Invaders\Gravity-Space-Invaders\Pleasework\Pleasework\bin\Debug\net6.0\reshade-shaders\Shaders\RSRetroArch\LeiFX_OA.fx" in 0.003 s with warnings:
C:\Users\leonp\Documents\Gravity-Space-Invaders\Gravity-Space-Invaders\Pleasework\Pleasework\bin\Debug\net6.0\reshade-shaders\Shaders\RSRetroArch\LeiFX_OA.fx(121, 14): warning X3206: implicit truncation of vector type
C:\Users\leonp\Documents\Gravity-Space-Invaders\Gravity-Space-Invaders\Pleasework\Pleasework\bin\Debug\net6.0\reshade-shaders\Shaders\RSRetroArch\LeiFX_OA.fx(272, 16): warning X3206: implicit truncation of vector type

19:15:51:125 [07504] | INFO  | Successfully compiled "C:\Users\leonp\Documents\Gravity-Space-Invaders\Gravity-Space-Invaders\Pleasework\Pleasework\bin\Debug\net6.0\reshade-shaders\Shaders\FakeHDR.fx" in 0.013 s.
19:15:51:126 [31512] | INFO  | Successfully compiled "C:\Users\leonp\Documents\Gravity-Space-Invaders\Gravity-Space-Invaders\Pleasework\Pleasework\bin\Debug\net6.0\reshade-shaders\Shaders\RSRetroArch\crt-nes-mini.fx" in 0.002 s.
19:15:51:126 [19312] | INFO  | Successfully compiled "C:\Users\leonp\Documents\Gravity-Space-Invaders\Gravity-Space-Invaders\Pleasework\Pleasework\bin\Debug\net6.0\reshade-shaders\Shaders\Technicolor2.fx" in 0.003 s.
19:15:51:127 [03948] | INFO  | Successfully compiled "C:\Users\leonp\Documents\Gravity-Space-Invaders\Gravity-Space-Invaders\Pleasework\Pleasework\bin\Debug\net6.0\reshade-shaders\Shaders\RSRetroArch\CRTSim.fx" in 0.004 s.
19:15:51:128 [11696] | INFO  | Successfully compiled "C:\Users\leonp\Documents\Gravity-Space-Invaders\Gravity-Space-Invaders\Pleasework\Pleasework\bin\Debug\net6.0\reshade-shaders\Shaders\RSRetroArch\R57_PAL.fx" in 0.003 s.
19:15:51:128 [10368] | INFO  | Successfully compiled "C:\Users\leonp\Documents\Gravity-Space-Invaders\Gravity-Space-Invaders\Pleasework\Pleasework\bin\Debug\net6.0\reshade-shaders\Shaders\RSRetroArch\MattiasCRT.fx" in 0.003 s.
19:15:51:129 [16628] | INFO  | Successfully compiled "C:\Users\leonp\Documents\Gravity-Space-Invaders\Gravity-Space-Invaders\Pleasework\Pleasework\bin\Debug\net6.0\reshade-shaders\Shaders\RSRetroArch\VHS_RA.fx" in 0.004 s.
19:15:51:129 [07504] | INFO  | Successfully compiled "C:\Users\leonp\Documents\Gravity-Space-Invaders\Gravity-Space-Invaders\Pleasework\Pleasework\bin\Debug\net6.0\reshade-shaders\Shaders\FilmGrain.fx" in 0.002 s.
19:15:51:129 [19312] | INFO  | Successfully compiled "C:\Users\leonp\Documents\Gravity-Space-Invaders\Gravity-Space-Invaders\Pleasework\Pleasework\bin\Debug\net6.0\reshade-shaders\Shaders\Tonemap.fx" in 0.002 s.
19:15:51:131 [20072] | INFO  | Successfully compiled "C:\Users\leonp\Documents\Gravity-Space-Invaders\Gravity-Space-Invaders\Pleasework\Pleasework\bin\Debug\net6.0\reshade-shaders\Shaders\RSRetroArch\3DFX.fx" in 0.005 s.
19:15:51:132 [31512] | INFO  | Successfully compiled "C:\Users\leonp\Documents\Gravity-Space-Invaders\Gravity-Space-Invaders\Pleasework\Pleasework\bin\Debug\net6.0\reshade-shaders\Shaders\RSRetroArch\CRT-NewPixie.fx" in 0.005 s.
19:15:51:133 [21900] | INFO  | Successfully compiled "C:\Users\leonp\Documents\Gravity-Space-Invaders\Gravity-Space-Invaders\Pleasework\Pleasework\bin\Debug\net6.0\reshade-shaders\Shaders\RSRetroArch\CRTCaligari.fx" in 0.007 s.
19:15:51:134 [03948] | WARN  | Successfully compiled "C:\Users\leonp\Documents\Gravity-Space-Invaders\Gravity-Space-Invaders\Pleasework\Pleasework\bin\Debug\net6.0\reshade-shaders\Shaders\RSRetroArch\Deconverge.fx" in 0.003 s with warnings:
C:\Users\leonp\Documents\Gravity-Space-Invaders\Gravity-Space-Invaders\Pleasework\Pleasework\bin\Debug\net6.0\reshade-shaders\Shaders\RSRetroArch\Deconverge.fx(80, 17): warning X3206: implicit truncation of vector type
C:\Users\leonp\Documents\Gravity-Space-Invaders\Gravity-Space-Invaders\Pleasework\Pleasework\bin\Debug\net6.0\reshade-shaders\Shaders\RSRetroArch\Deconverge.fx(81, 17): warning X3206: implicit truncation of vector type
C:\Users\leonp\Documents\Gravity-Space-Invaders\Gravity-Space-Invaders\Pleasework\Pleasework\bin\Debug\net6.0\reshade-shaders\Shaders\RSRetroArch\Deconverge.fx(88, 17): warning X3206: implicit truncation of vector type
C:\Users\leonp\Documents\Gravity-Space-Invaders\Gravity-Space-Invaders\Pleasework\Pleasework\bin\Debug\net6.0\reshade-shaders\Shaders\RSRetroArch\Deconverge.fx(89, 17): warning X3206: implicit truncation of vector type

19:15:51:134 [19312] | INFO  | Successfully compiled "C:\Users\leonp\Documents\Gravity-Space-Invaders\Gravity-Space-Invaders\Pleasework\Pleasework\bin\Debug\net6.0\reshade-shaders\Shaders\UIMask.fx" in 0.002 s.
19:15:51:134 [11696] | INFO  | Successfully compiled "C:\Users\leonp\Documents\Gravity-Space-Invaders\Gravity-Space-Invaders\Pleasework\Pleasework\bin\Debug\net6.0\reshade-shaders\Shaders\RSRetroArch\RetroCRT.fx" in 0.002 s.
19:15:51:134 [10368] | INFO  | Successfully compiled "C:\Users\leonp\Documents\Gravity-Space-Invaders\Gravity-Space-Invaders\Pleasework\Pleasework\bin\Debug\net6.0\reshade-shaders\Shaders\RSRetroArch\MCAmber.fx" in 0.002 s.
19:15:51:136 [10824] | INFO  | Successfully compiled "C:\Users\leonp\Documents\Gravity-Space-Invaders\Gravity-Space-Invaders\Pleasework\Pleasework\bin\Debug\net6.0\reshade-shaders\Shaders\RSRetroArch\N64_3Point.fx" in 0.011 s.
19:15:51:138 [20072] | INFO  | Successfully compiled "C:\Users\leonp\Documents\Gravity-Space-Invaders\Gravity-Space-Invaders\Pleasework\Pleasework\bin\Debug\net6.0\reshade-shaders\Shaders\RSRetroArch\BasicCRT.fx" in 0.003 s.
19:15:51:139 [07504] | INFO  | Successfully compiled "C:\Users\leonp\Documents\Gravity-Space-Invaders\Gravity-Space-Invaders\Pleasework\Pleasework\bin\Debug\net6.0\reshade-shaders\Shaders\FXAA.fx" in 0.007 s.
19:15:51:139 [21900] | WARN  | Successfully compiled "C:\Users\leonp\Documents\Gravity-Space-Invaders\Gravity-Space-Invaders\Pleasework\Pleasework\bin\Debug\net6.0\reshade-shaders\Shaders\RSRetroArch\CRTcgwg.fx" in 0.003 s with warnings:
C:\Users\leonp\Documents\Gravity-Space-Invaders\Gravity-Space-Invaders\Pleasework\Pleasework\bin\Debug\net6.0\reshade-shaders\Shaders\RSRetroArch\CRTcgwg.fx(108, 14): warning X3206: implicit truncation of vector type
C:\Users\leonp\Documents\Gravity-Space-Invaders\Gravity-Space-Invaders\Pleasework\Pleasework\bin\Debug\net6.0\reshade-shaders\Shaders\RSRetroArch\CRTcgwg.fx(109, 15): warning X3206: implicit truncation of vector type
C:\Users\leonp\Documents\Gravity-Space-Invaders\Gravity-Space-Invaders\Pleasework\Pleasework\bin\Debug\net6.0\reshade-shaders\Shaders\RSRetroArch\CRTcgwg.fx(129, 16): warning X3206: implicit truncation of vector type
C:\Users\leonp\Documents\Gravity-Space-Invaders\Gravity-Space-Invaders\Pleasework\Pleasework\bin\Debug\net6.0\reshade-shaders\Shaders\RSRetroArch\CRTcgwg.fx(129, 36): warning X3206: implicit truncation of vector type

19:15:51:139 [31512] | INFO  | Successfully compiled "C:\Users\leonp\Documents\Gravity-Space-Invaders\Gravity-Space-Invaders\Pleasework\Pleasework\bin\Debug\net6.0\reshade-shaders\Shaders\RSRetroArch\CRT-Yee64.fx" in 0.003 s.
19:15:51:140 [16628] | WARN  | Successfully compiled "C:\Users\leonp\Documents\Gravity-Space-Invaders\Gravity-Space-Invaders\Pleasework\Pleasework\bin\Debug\net6.0\reshade-shaders\Shaders\RSRetroArch\vt220.fx" in 0.004 s with warnings:
C:\Users\leonp\Documents\Gravity-Space-Invaders\Gravity-Space-Invaders\Pleasework\Pleasework\bin\Debug\net6.0\reshade-shaders\Shaders\RSRetroArch\vt220.fx(106, 16): warning X3206: implicit truncation of vector type
C:\Users\leonp\Documents\Gravity-Space-Invaders\Gravity-Space-Invaders\Pleasework\Pleasework\bin\Debug\net6.0\reshade-shaders\Shaders\RSRetroArch\vt220.fx(107, 14): warning X3206: implicit truncation of vector type
C:\Users\leonp\Documents\Gravity-Space-Invaders\Gravity-Space-Invaders\Pleasework\Pleasework\bin\Debug\net6.0\reshade-shaders\Shaders\RSRetroArch\vt220.fx(108, 8): warning X3206: implicit truncation of vector type

19:15:51:142 [10824] | INFO  | Successfully compiled "C:\Users\leonp\Documents\Gravity-Space-Invaders\Gravity-Space-Invaders\Pleasework\Pleasework\bin\Debug\net6.0\reshade-shaders\Shaders\RSRetroArch\nGlide_3DFX.fx" in 0.004 s.
19:15:51:142 [07504] | INFO  | Successfully compiled "C:\Users\leonp\Documents\Gravity-Space-Invaders\Gravity-Space-Invaders\Pleasework\Pleasework\bin\Debug\net6.0\reshade-shaders\Shaders\Layer.fx" in 0.003 s.
19:15:51:143 [20072] | INFO  | Successfully compiled "C:\Users\leonp\Documents\Gravity-Space-Invaders\Gravity-Space-Invaders\Pleasework\Pleasework\bin\Debug\net6.0\reshade-shaders\Shaders\RSRetroArch\Cathode.fx" in 0.005 s.
19:15:51:144 [11696] | INFO  | Successfully compiled "C:\Users\leonp\Documents\Gravity-Space-Invaders\Gravity-Space-Invaders\Pleasework\Pleasework\bin\Debug\net6.0\reshade-shaders\Shaders\RSRetroArch\RGBLCD.fx" in 0.003 s.
19:15:51:144 [19312] | INFO  | Successfully compiled "C:\Users\leonp\Documents\Gravity-Space-Invaders\Gravity-Space-Invaders\Pleasework\Pleasework\bin\Debug\net6.0\reshade-shaders\Shaders\Vibrance.fx" in 0.003 s.
19:15:51:145 [21900] | WARN  | Successfully compiled "C:\Users\leonp\Documents\Gravity-Space-Invaders\Gravity-Space-Invaders\Pleasework\Pleasework\bin\Debug\net6.0\reshade-shaders\Shaders\RSRetroArch\CRTCX.fx" in 0.004 s with warnings:
C:\Users\leonp\Documents\Gravity-Space-Invaders\Gravity-Space-Invaders\Pleasework\Pleasework\bin\Debug\net6.0\reshade-shaders\Shaders\RSRetroArch\CRTCX.fx(157, 33): warning X3206: implicit truncation of vector type
C:\Users\leonp\Documents\Gravity-Space-Invaders\Gravity-Space-Invaders\Pleasework\Pleasework\bin\Debug\net6.0\reshade-shaders\Shaders\RSRetroArch\CRTCX.fx(157, 19): warning X3206: implicit truncation of vector type

19:15:51:145 [07504] | INFO  | Successfully compiled "C:\Users\leonp\Documents\Gravity-Space-Invaders\Gravity-Space-Invaders\Pleasework\Pleasework\bin\Debug\net6.0\reshade-shaders\Shaders\Levels.fx" in 0.002 s.
19:15:51:147 [20072] | INFO  | Successfully compiled "C:\Users\leonp\Documents\Gravity-Space-Invaders\Gravity-Space-Invaders\Pleasework\Pleasework\bin\Debug\net6.0\reshade-shaders\Shaders\RSRetroArch\Chromaticity.fx" in 0.003 s.
19:15:51:147 [19312] | INFO  | Successfully compiled "C:\Users\leonp\Documents\Gravity-Space-Invaders\Gravity-Space-Invaders\Pleasework\Pleasework\bin\Debug\net6.0\reshade-shaders\Shaders\Vignette.fx" in 0.003 s.
19:15:51:148 [16628] | WARN  | Successfully compiled "C:\Users\leonp\Documents\Gravity-Space-Invaders\Gravity-Space-Invaders\Pleasework\Pleasework\bin\Debug\net6.0\reshade-shaders\Shaders\RSRetroArch\vt220_frame.fx" in 0.007 s with warnings:
C:\Users\leonp\Documents\Gravity-Space-Invaders\Gravity-Space-Invaders\Pleasework\Pleasework\bin\Debug\net6.0\reshade-shaders\Shaders\RSRetroArch\vt220_frame.fx(80, 16): warning X3206: implicit truncation of vector type

19:15:51:148 [11696] | WARN  | Successfully compiled "C:\Users\leonp\Documents\Gravity-Space-Invaders\Gravity-Space-Invaders\Pleasework\Pleasework\bin\Debug\net6.0\reshade-shaders\Shaders\RSRetroArch\scanlines-abs.fx" in 0.002 s with warnings:
C:\Users\leonp\Documents\Gravity-Space-Invaders\Gravity-Space-Invaders\Pleasework\Pleasework\bin\Debug\net6.0\reshade-shaders\Shaders\RSRetroArch\scanlines-abs.fx(73, 1): warning X4576: 'PS_ScanlinesAbs': input parameter 'angle' semantic does not match vertex shader one

19:15:51:149 [21900] | INFO  | Successfully compiled "C:\Users\leonp\Documents\Gravity-Space-Invaders\Gravity-Space-Invaders\Pleasework\Pleasework\bin\Debug\net6.0\reshade-shaders\Shaders\RSRetroArch\CRTEasymode.fx" in 0.004 s.
19:15:51:150 [10824] | INFO  | Successfully compiled "C:\Users\leonp\Documents\Gravity-Space-Invaders\Gravity-Space-Invaders\Pleasework\Pleasework\bin\Debug\net6.0\reshade-shaders\Shaders\RSRetroArch\ntsc.fx" in 0.007 s.
19:15:51:152 [16628] | WARN  | Successfully compiled "C:\Users\leonp\Documents\Gravity-Space-Invaders\Gravity-Space-Invaders\Pleasework\Pleasework\bin\Debug\net6.0\reshade-shaders\Shaders\RSRetroArch\vt220_night.fx" in 0.003 s with warnings:
C:\Users\leonp\Documents\Gravity-Space-Invaders\Gravity-Space-Invaders\Pleasework\Pleasework\bin\Debug\net6.0\reshade-shaders\Shaders\RSRetroArch\vt220_night.fx(164, 16): warning X3206: implicit truncation of vector type
C:\Users\leonp\Documents\Gravity-Space-Invaders\Gravity-Space-Invaders\Pleasework\Pleasework\bin\Debug\net6.0\reshade-shaders\Shaders\RSRetroArch\vt220_night.fx(165, 14): warning X3206: implicit truncation of vector type
C:\Users\leonp\Documents\Gravity-Space-Invaders\Gravity-Space-Invaders\Pleasework\Pleasework\bin\Debug\net6.0\reshade-shaders\Shaders\RSRetroArch\vt220_night.fx(166, 8): warning X3206: implicit truncation of vector type

19:15:51:153 [21900] | INFO  | Successfully compiled "C:\Users\leonp\Documents\Gravity-Space-Invaders\Gravity-Space-Invaders\Pleasework\Pleasework\bin\Debug\net6.0\reshade-shaders\Shaders\RSRetroArch\CRTFakeLottes.fx" in 0.003 s.
19:15:51:155 [16628] | INFO  | Successfully compiled "C:\Users\leonp\Documents\Gravity-Space-Invaders\Gravity-Space-Invaders\Pleasework\Pleasework\bin\Debug\net6.0\reshade-shaders\Shaders\RSRetroArch\zfast_crt.fx" in 0.002 s.
19:15:51:157 [16628] | INFO  | Successfully compiled "C:\Users\leonp\Documents\Gravity-Space-Invaders\Gravity-Space-Invaders\Pleasework\Pleasework\bin\Debug\net6.0\reshade-shaders\Shaders\Sepia.fx" in 0.002 s.
19:15:51:158 [21900] | INFO  | Successfully compiled "C:\Users\leonp\Documents\Gravity-Space-Invaders\Gravity-Space-Invaders\Pleasework\Pleasework\bin\Debug\net6.0\reshade-shaders\Shaders\RSRetroArch\CRTGeom.fx" in 0.004 s.
19:15:51:161 [21900] | WARN  | Successfully compiled "C:\Users\leonp\Documents\Gravity-Space-Invaders\Gravity-Space-Invaders\Pleasework\Pleasework\bin\Debug\net6.0\reshade-shaders\Shaders\RSRetroArch\CRTHyllian.fx" in 0.002 s with warnings:
C:\Users\leonp\Documents\Gravity-Space-Invaders\Gravity-Space-Invaders\Pleasework\Pleasework\bin\Debug\net6.0\reshade-shaders\Shaders\RSRetroArch\CRTHyllian.fx(240, 19): warning X3206: implicit truncation of vector type
C:\Users\leonp\Documents\Gravity-Space-Invaders\Gravity-Space-Invaders\Pleasework\Pleasework\bin\Debug\net6.0\reshade-shaders\Shaders\RSRetroArch\CRTHyllian.fx(241, 19): warning X3206: implicit truncation of vector type
C:\Users\leonp\Documents\Gravity-Space-Invaders\Gravity-Space-Invaders\Pleasework\Pleasework\bin\Debug\net6.0\reshade-shaders\Shaders\RSRetroArch\CRTHyllian.fx(242, 19): warning X3206: implicit truncation of vector type
C:\Users\leonp\Documents\Gravity-Space-Invaders\Gravity-Space-Invaders\Pleasework\Pleasework\bin\Debug\net6.0\reshade-shaders\Shaders\RSRetroArch\CRTHyllian.fx(243, 19): warning X3206: implicit truncation of vector type
C:\Users\leonp\Documents\Gravity-Space-Invaders\Gravity-Space-Invaders\Pleasework\Pleasework\bin\Debug\net6.0\reshade-shaders\Shaders\RSRetroArch\CRTHyllian.fx(244, 19): warning X3206: implicit truncation of vector type
C:\Users\leonp\Documents\Gravity-Space-Invaders\Gravity-Space-Invaders\Pleasework\Pleasework\bin\Debug\net6.0\reshade-shaders\Shaders\RSRetroArch\CRTHyllian.fx(245, 19): warning X3206: implicit truncation of vector type
C:\Users\leonp\Documents\Gravity-Space-Invaders\Gravity-Space-Invaders\Pleasework\Pleasework\bin\Debug\net6.0\reshade-shaders\Shaders\RSRetroArch\CRTHyllian.fx(246, 19): warning X3206: implicit truncation of vector type
C:\Users\leonp\Documents\Gravity-Space-Invaders\Gravity-Space-Invaders\Pleasework\Pleasework\bin\Debug\net6.0\reshade-shaders\Shaders\RSRetroArch\CRTHyllian.fx(247, 19): warning X3206: implicit truncation of vector type

19:15:51:240 [35740] | INFO  | Successfully compiled "C:\Users\leonp\Documents\Gravity-Space-Invaders\Gravity-Space-Invaders\Pleasework\Pleasework\bin\Debug\net6.0\reshade-shaders\Shaders\CRT-Royale\crt-royale.fx" in 0.128 s.
19:15:51:243 [35740] | INFO  | Successfully compiled "C:\Users\leonp\Documents\Gravity-Space-Invaders\Gravity-Space-Invaders\Pleasework\Pleasework\bin\Debug\net6.0\reshade-shaders\Shaders\CRT.fx" in 0.003 s.
19:15:51:245 [35740] | INFO  | Successfully compiled "C:\Users\leonp\Documents\Gravity-Space-Invaders\Gravity-Space-Invaders\Pleasework\Pleasework\bin\Debug\net6.0\reshade-shaders\Shaders\Curves.fx" in 0.002 s.
19:20:23:967 [16108] | INFO  | Exiting ...
19:20:23:967 [16108] | INFO  | Uninstalling 545 hook(s) ...
19:20:25:019 [16108] | INFO  | Finished exiting.
